<?xml version="1.0" encoding="UTF-8"?>
<robot generator="Robot 6.0.2 (Python 3.11.1 on win32)" generated="20230213 16:15:31.611" rpa="false" schemaversion="3">
<suite id="s1" name="My Robotframework" source="E:\GitHub_projects\my_robotframework">
<suite id="s1-s1" name="Test Login Rf" source="E:\GitHub_projects\my_robotframework\test_login_rf.robot">
<test id="s1-s1-t1" name="Log in to the system" line="19">
<kw name="Open login page">
<kw name="Open Browser" library="SeleniumLibrary">
<arg>${LOGIN URL}</arg>
<arg>${BROWSER}</arg>
<doc>Opens a new browser instance to the optional ``url``.</doc>
<msg timestamp="20230213 16:15:32.448" level="INFO">Opening browser 'Chrome' to base url 'https://scouts-test.futbolkolektyw.pl/en'.</msg>
<status status="PASS" starttime="20230213 16:15:32.447" endtime="20230213 16:15:37.094"/>
</kw>
<kw name="Title Should Be" library="SeleniumLibrary">
<arg>Scouts panel - sign in</arg>
<doc>Verifies that the current page title equals ``title``.</doc>
<msg timestamp="20230213 16:15:37.109" level="INFO">Page title is 'Scouts panel - sign in'.</msg>
<status status="PASS" starttime="20230213 16:15:37.095" endtime="20230213 16:15:37.110"/>
</kw>
<status status="PASS" starttime="20230213 16:15:32.446" endtime="20230213 16:15:37.110"/>
</kw>
<kw name="Type in email">
<kw name="Input Text" library="SeleniumLibrary">
<arg>${EMAILINPUT} user07@getnada.com</arg>
<doc>Types the given ``text`` into the text field identified by ``locator``.</doc>
<msg timestamp="20230213 16:15:37.113" level="FAIL">Keyword 'SeleniumLibrary.Input Text' expected 2 to 3 arguments, got 1.</msg>
<status status="FAIL" starttime="20230213 16:15:37.112" endtime="20230213 16:15:37.113"/>
</kw>
<status status="FAIL" starttime="20230213 16:15:37.111" endtime="20230213 16:15:37.114"/>
</kw>
<kw name="Type in password">
<status status="NOT RUN" starttime="20230213 16:15:37.115" endtime="20230213 16:15:37.115"/>
</kw>
<kw name="Click on the Submit button">
<status status="NOT RUN" starttime="20230213 16:15:37.115" endtime="20230213 16:15:37.116"/>
</kw>
<kw name="Assert dashboared">
<status status="NOT RUN" starttime="20230213 16:15:37.116" endtime="20230213 16:15:37.116"/>
</kw>
<kw name="Close Browser" library="SeleniumLibrary" type="TEARDOWN">
<doc>Closes the current browser.</doc>
<status status="PASS" starttime="20230213 16:15:37.117" endtime="20230213 16:15:41.110"/>
</kw>
<status status="FAIL" starttime="20230213 16:15:32.445" endtime="20230213 16:15:41.111">Keyword 'SeleniumLibrary.Input Text' expected 2 to 3 arguments, got 1.</status>
</test>
<doc>Suite description #automated tests for scout website</doc>
<status status="FAIL" starttime="20230213 16:15:31.682" endtime="20230213 16:15:41.114"/>
</suite>
<status status="FAIL" starttime="20230213 16:15:31.615" endtime="20230213 16:15:41.119"/>
</suite>
<statistics>
<total>
<stat pass="0" fail="1" skip="0">All Tests</stat>
</total>
<tag>
</tag>
<suite>
<stat pass="0" fail="1" skip="0" id="s1" name="My Robotframework">My Robotframework</stat>
<stat pass="0" fail="1" skip="0" id="s1-s1" name="Test Login Rf">My Robotframework.Test Login Rf</stat>
</suite>
</statistics>
<errors>
</errors>
</robot>
