<?xml version="1.0" encoding="UTF-8"?>
<robot generator="Robot 6.0.2 (Python 3.11.1 on win32)" generated="20230217 12:13:26.807" rpa="false" schemaversion="3">
<suite id="s1" name="My Robotframework" source="E:\GitHub_projects\my_robotframework">
<suite id="s1-s1" name="Test Logout" source="E:\GitHub_projects\my_robotframework\test_logout.robot">
<test id="s1-s1-t1" name="Log out to the system" line="23">
<kw name="Open login page" library="resource">
<kw name="Open Browser" library="SeleniumLibrary">
<arg>${LOGIN URL}</arg>
<arg>${BROWSER}</arg>
<doc>Opens a new browser instance to the optional ``url``.</doc>
<msg timestamp="20230217 12:13:27.284" level="INFO">Opening browser 'Chrome' to base url 'https://scouts-test.futbolkolektyw.pl/en'.</msg>
<status status="PASS" starttime="20230217 12:13:27.283" endtime="20230217 12:13:31.243"/>
</kw>
<kw name="Title Should Be" library="SeleniumLibrary">
<arg>Scouts panel - sign in</arg>
<doc>Verifies that the current page title equals ``title``.</doc>
<msg timestamp="20230217 12:13:31.261" level="INFO">Page title is 'Scouts panel - sign in'.</msg>
<status status="PASS" starttime="20230217 12:13:31.243" endtime="20230217 12:13:31.261"/>
</kw>
<status status="PASS" starttime="20230217 12:13:27.283" endtime="20230217 12:13:31.261"/>
</kw>
<kw name="Type in email" library="resource">
<kw name="Input Text" library="SeleniumLibrary">
<arg>${EMAILINPUT}</arg>
<arg>user07@getnada.com</arg>
<doc>Types the given ``text`` into the text field identified by ``locator``.</doc>
<msg timestamp="20230217 12:13:31.266" level="INFO">Typing text 'user07@getnada.com' into text field 'xpath = //*[@id='login']'.</msg>
<status status="PASS" starttime="20230217 12:13:31.264" endtime="20230217 12:13:31.841"/>
</kw>
<status status="PASS" starttime="20230217 12:13:31.263" endtime="20230217 12:13:31.842"/>
</kw>
<kw name="Type in password" library="resource">
<kw name="Input Password" library="SeleniumLibrary">
<arg>${PASSWORDINPUT}</arg>
<arg>Test-1234</arg>
<doc>Types the given password into the text field identified by ``locator``.</doc>
<msg timestamp="20230217 12:13:31.846" level="INFO">Typing password into text field 'xpath = //*[@id='password']'.</msg>
<msg timestamp="20230217 12:13:31.917" level="INFO">Temporally setting log level to: NONE</msg>
<msg timestamp="20230217 12:13:32.077" level="INFO">Log level changed from NONE to INFO.</msg>
<status status="PASS" starttime="20230217 12:13:31.844" endtime="20230217 12:13:32.078"/>
</kw>
<status status="PASS" starttime="20230217 12:13:31.843" endtime="20230217 12:13:32.078"/>
</kw>
<kw name="Click on the Submit button" library="resource">
<kw name="Click Button" library="SeleniumLibrary">
<arg>${SINGINBUTTON}</arg>
<doc>Clicks the button identified by ``locator``.</doc>
<msg timestamp="20230217 12:13:32.080" level="INFO">Clicking button 'xpath = //button[@tabindex='0']'.</msg>
<status status="PASS" starttime="20230217 12:13:32.079" endtime="20230217 12:13:32.232"/>
</kw>
<status status="PASS" starttime="20230217 12:13:32.078" endtime="20230217 12:13:32.232"/>
</kw>
<kw name="Assert dashboared" library="resource">
<kw name="Wait Until Element Is Visible" library="SeleniumLibrary">
<arg>${PAGELOGO}</arg>
<doc>Waits until the element ``locator`` is visible.</doc>
<status status="PASS" starttime="20230217 12:13:32.237" endtime="20230217 12:13:33.460"/>
</kw>
<kw name="Title Should Be" library="SeleniumLibrary">
<arg>Scouts panel</arg>
<doc>Verifies that the current page title equals ``title``.</doc>
<msg timestamp="20230217 12:13:33.475" level="INFO">Page title is 'Scouts panel'.</msg>
<status status="PASS" starttime="20230217 12:13:33.460" endtime="20230217 12:13:33.476"/>
</kw>
<kw name="Capture Page Screenshot" library="SeleniumLibrary">
<arg>alert.png</arg>
<doc>Takes a screenshot of the current page and embeds it into a log file.</doc>
<msg timestamp="20230217 12:13:33.643" level="INFO" html="true">&lt;/td&gt;&lt;/tr&gt;&lt;tr&gt;&lt;td colspan="3"&gt;&lt;a href="alert.png"&gt;&lt;img src="alert.png" width="800px"&gt;&lt;/a&gt;</msg>
<status status="PASS" starttime="20230217 12:13:33.477" endtime="20230217 12:13:33.643"/>
</kw>
<status status="PASS" starttime="20230217 12:13:32.236" endtime="20230217 12:13:33.643"/>
</kw>
<kw name="Click on the SingOut button" library="resource">
<kw name="Click Element" library="SeleniumLibrary">
<arg>${SINGOUTBUTTON}</arg>
<doc>Click the element identified by ``locator``.</doc>
<msg timestamp="20230217 12:13:33.645" level="INFO">Clicking element 'xpath = //span[text()='Sign out']'.</msg>
<status status="PASS" starttime="20230217 12:13:33.644" endtime="20230217 12:13:33.765"/>
</kw>
<status status="PASS" starttime="20230217 12:13:33.644" endtime="20230217 12:13:33.766"/>
</kw>
<kw name="Assert login page" library="resource">
<kw name="Wait Until Element Is Visible" library="SeleniumLibrary">
<arg>${PANELLOGO}</arg>
<doc>Waits until the element ``locator`` is visible.</doc>
<status status="PASS" starttime="20230217 12:13:33.771" endtime="20230217 12:13:33.816"/>
</kw>
<kw name="Title Should Be" library="SeleniumLibrary">
<arg>Scouts panel - sign in</arg>
<doc>Verifies that the current page title equals ``title``.</doc>
<msg timestamp="20230217 12:13:33.822" level="INFO">Page title is 'Scouts panel - sign in'.</msg>
<status status="PASS" starttime="20230217 12:13:33.816" endtime="20230217 12:13:33.822"/>
</kw>
<kw name="Capture Page Screenshot" library="SeleniumLibrary">
<arg>alert.png</arg>
<doc>Takes a screenshot of the current page and embeds it into a log file.</doc>
<msg timestamp="20230217 12:13:33.978" level="INFO" html="true">&lt;/td&gt;&lt;/tr&gt;&lt;tr&gt;&lt;td colspan="3"&gt;&lt;a href="alert.png"&gt;&lt;img src="alert.png" width="800px"&gt;&lt;/a&gt;</msg>
<status status="PASS" starttime="20230217 12:13:33.822" endtime="20230217 12:13:33.979"/>
</kw>
<status status="PASS" starttime="20230217 12:13:33.769" endtime="20230217 12:13:33.979"/>
</kw>
<kw name="Close Browser" library="SeleniumLibrary" type="TEARDOWN">
<doc>Closes the current browser.</doc>
<status status="PASS" starttime="20230217 12:13:33.980" endtime="20230217 12:13:36.462"/>
</kw>
<status status="PASS" starttime="20230217 12:13:27.282" endtime="20230217 12:13:36.464"/>
</test>
<doc>Suite description #automated tests for scout website</doc>
<status status="PASS" starttime="20230217 12:13:26.857" endtime="20230217 12:13:36.465"/>
</suite>
<status status="PASS" starttime="20230217 12:13:26.810" endtime="20230217 12:13:36.469"/>
</suite>
<statistics>
<total>
<stat pass="1" fail="0" skip="0">All Tests</stat>
</total>
<tag>
</tag>
<suite>
<stat pass="1" fail="0" skip="0" id="s1" name="My Robotframework">My Robotframework</stat>
<stat pass="1" fail="0" skip="0" id="s1-s1" name="Test Logout">My Robotframework.Test Logout</stat>
</suite>
</statistics>
<errors>
</errors>
</robot>
